<?xml version="1.0" encoding="UTF-8"?>
<!-- Generated by org.testng.reporters.JUnitReportReporter -->
<testsuite hostname="LAP03" failures="0" tests="1" name="script.Tc2" time="0.001" errors="0" timestamp="2023-01-10T20:19:15 IST" skipped="0">
  <testcase classname="script.Tc2" name="demo" time="0.001"/>
  <system-out>
    <![CDATA[Hello selenium]]>
  </system-out>
</testsuite> <!-- script.Tc2 -->
