<?xml version="1.0" encoding="UTF-8"?>
<!-- Generated by org.testng.reporters.JUnitReportReporter -->
<testsuite hostname="LAP03" failures="0" tests="1" name="script.Tc3" time="0.002" errors="0" timestamp="2023-01-10T20:19:15 IST" skipped="0">
  <testcase classname="script.Tc3" name="demo" time="0.002"/>
  <system-out>
    <![CDATA[Hello python selenium]]>
  </system-out>
</testsuite> <!-- script.Tc3 -->
